Using pre-set license
Built from '2020.3/staging' branch; Version is '2020.3.0f1 (c7b5465681fb) revision 13088070'; Using compiler version '192528614'; Build Type 'Release'
OS: 'Windows 10 Home; OS build 19042.867; Version 2009; 64bit' Language: 'de' Physical Memory: 6082 MB
BatchMode: 1, IsHumanControllingUs: 0, StartBugReporterOnCrash: 0, Is64bit: 1, IsPro: 0

 COMMAND LINE ARGUMENTS:
C:\Program Files\Unity Editors\2020.3.0f1\Editor\Unity.exe
-adb2
-batchMode
-noUpm
-name
AssetImportWorker1
-projectPath
C:/Users/Lotta/Documents/GitHub/CoronaPewPew
-logFile
Logs/AssetImportWorker1.log
-srvPort
60060
Successfully changed project path to: C:/Users/Lotta/Documents/GitHub/CoronaPewPew
C:/Users/Lotta/Documents/GitHub/CoronaPewPew
Using Asset Import Pipeline V2.
Refreshing native plugins compatible for Editor in 42.47 ms, found 0 plugins.
Preloading 0 native plugins for Editor in 0.00 ms.
Initialize engine version: 2020.3.0f1 (c7b5465681fb)
[Subsystems] Discovering subsystems at path C:/Program Files/Unity Editors/2020.3.0f1/Editor/Data/Resources/UnitySubsystems
[Subsystems] Discovering subsystems at path C:/Users/Lotta/Documents/GitHub/CoronaPewPew/Assets
GfxDevice: creating device client; threaded=0
Direct3D:
    Version:  Direct3D 11.0 [level 11.1]
    Renderer: AMD Radeon(TM) Vega 8 Graphics (ID=0x15d8)
    Vendor:   
    VRAM:     3041 MB
    Driver:   27.20.11036.3
Initialize mono
Mono path[0] = 'C:/Program Files/Unity Editors/2020.3.0f1/Editor/Data/Managed'
Mono path[1] = 'C:/Program Files/Unity Editors/2020.3.0f1/Editor/Data/MonoBleedingEdge/lib/mono/unityjit'
Mono config path = 'C:/Program Files/Unity Editors/2020.3.0f1/Editor/Data/MonoBleedingEdge/etc'
Using monoOptions --debugger-agent=transport=dt_socket,embedding=1,server=y,suspend=n,address=127.0.0.1:56744
Begin MonoManager ReloadAssembly
Registering precompiled unity dll's ...
Register platform support module: C:/Program Files/Unity Editors/2020.3.0f1/Editor/Data/PlaybackEngines/WindowsStandaloneSupport/UnityEditor.WindowsStandalone.Extensions.dll
Registered in 0.006549 seconds.
Native extension for WindowsStandalone target not found
Refreshing native plugins compatible for Editor in 34.49 ms, found 0 plugins.
Preloading 0 native plugins for Editor in 0.00 ms.
Invoked RoslynAnalysisRunner static constructor.
RoslynAnalysisRunner will not be running.
RoslynAnalysisRunner has terminated.
Mono: successfully reloaded assembly
- Completed reload, in  4.198 seconds
Platform modules already initialized, skipping
Registering precompiled user dll's ...
Registered in 0.001301 seconds.
Begin MonoManager ReloadAssembly
Native extension for WindowsStandalone target not found
Refreshing native plugins compatible for Editor in 0.56 ms, found 0 plugins.
Preloading 0 native plugins for Editor in 0.00 ms.
Invoked RoslynAnalysisRunner static constructor.
RoslynAnalysisRunner will not be running.
RoslynAnalysisRunner has terminated.
Mono: successfully reloaded assembly
- Completed reload, in  1.247 seconds
Platform modules already initialized, skipping
========================================================================
Worker process is ready to serve import requests
Launched and connected shader compiler UnityShaderCompiler.exe after 0.09 seconds
Refreshing native plugins compatible for Editor in 0.30 ms, found 0 plugins.
Preloading 0 native plugins for Editor in 0.00 ms.
Unloading 1177 Unused Serialized files (Serialized files now loaded: 0)
System memory in use before: 61.4 MB.
System memory in use after: 61.4 MB.

Unloading 10 unused Assets to reduce memory usage. Loaded Objects now: 1621.
Total: 2.733100 ms (FindLiveObjects: 0.312000 ms CreateObjectMapping: 0.074700 ms MarkObjects: 2.219700 ms  DeleteObjects: 0.124200 ms)

========================================================================
Received Import Request.
  path: Assets/Third Party/Forest road BG/Forest road Background/PNG/background_layer_1.png
  artifactKey: Guid(6fa14e4f4481d14468c46b7b48e89e9e) Importer(815301076,1909f56bfc062723c751e8b465ee728b)
Start importing Assets/Third Party/Forest road BG/Forest road Background/PNG/background_layer_1.png using Guid(6fa14e4f4481d14468c46b7b48e89e9e) Importer(815301076,1909f56bfc062723c751e8b465ee728b)  -> (artifact id: 'e6e5e7291854a2f3cbcb636d48cf351c') in 0.227443 seconds
  Import took 0.230611 seconds .

========================================================================
Received Import Request.
  Time since last request: 109.687986 seconds.
  path: Assets/Third Party/Forest road BG/Forest road Background/PNG/background_layer_3.png
  artifactKey: Guid(f94729153dca8a748838c06f5dad09dc) Importer(815301076,1909f56bfc062723c751e8b465ee728b)
Start importing Assets/Third Party/Forest road BG/Forest road Background/PNG/background_layer_3.png using Guid(f94729153dca8a748838c06f5dad09dc) Importer(815301076,1909f56bfc062723c751e8b465ee728b)  -> (artifact id: 'aa16c53635615eba99dff94836c5866d') in 0.054182 seconds
  Import took 0.058680 seconds .

========================================================================
Received Import Request.
  Time since last request: 3.362157 seconds.
  path: Assets/Third Party/Forest road BG/Forest road Background/PNG/background_layer_2.png
  artifactKey: Guid(ada58a25932da984abd2b265a2622fc1) Importer(815301076,1909f56bfc062723c751e8b465ee728b)
Start importing Assets/Third Party/Forest road BG/Forest road Background/PNG/background_layer_2.png using Guid(ada58a25932da984abd2b265a2622fc1) Importer(815301076,1909f56bfc062723c751e8b465ee728b)  -> (artifact id: '71e5b11068410b4691ec2576e7d9d954') in 0.063978 seconds
  Import took 0.068238 seconds .

========================================================================
Received Import Request.
  Time since last request: 50.212823 seconds.
  path: Assets/Third Party/Forest road BG/Forest road Background/PNG/background_layer_4.png
  artifactKey: Guid(077d95cfd4e94a14eb829bcd5b50e384) Importer(815301076,1909f56bfc062723c751e8b465ee728b)
Start importing Assets/Third Party/Forest road BG/Forest road Background/PNG/background_layer_4.png using Guid(077d95cfd4e94a14eb829bcd5b50e384) Importer(815301076,1909f56bfc062723c751e8b465ee728b)  -> (artifact id: '9ebda66e1e5bf7b903c2c8abf7f9c563') in 0.075517 seconds
  Import took 0.079539 seconds .

========================================================================
Received Import Request.
  Time since last request: 288.002282 seconds.
  path: Assets/Prefabs/bgForestDay.prefab
  artifactKey: Guid(c415358e0c072c54b804ca40e0d75b5a) Importer(815301076,1909f56bfc062723c751e8b465ee728b)
Start importing Assets/Prefabs/bgForestDay.prefab using Guid(c415358e0c072c54b804ca40e0d75b5a) Importer(815301076,1909f56bfc062723c751e8b465ee728b)  -> (artifact id: '3f722c0472bd2de6c1091961d32d9d66') in 0.155946 seconds
  Import took 0.160946 seconds .

========================================================================
Received Prepare
Registering precompiled user dll's ...
Registered in 0.001600 seconds.
Begin MonoManager ReloadAssembly
Native extension for WindowsStandalone target not found
Refreshing native plugins compatible for Editor in 0.36 ms, found 0 plugins.
Preloading 0 native plugins for Editor in 0.00 ms.
Invoked RoslynAnalysisRunner static constructor.
RoslynAnalysisRunner will not be running.
RoslynAnalysisRunner has terminated.
Mono: successfully reloaded assembly
- Completed reload, in  1.272 seconds
Platform modules already initialized, skipping
Refreshing native plugins compatible for Editor in 0.30 ms, found 0 plugins.
Preloading 0 native plugins for Editor in 0.00 ms.
Unloading 1158 Unused Serialized files (Serialized files now loaded: 0)
System memory in use before: 63.4 MB.
System memory in use after: 63.5 MB.

Unloading 5 unused Assets to reduce memory usage. Loaded Objects now: 1634.
Total: 2.540000 ms (FindLiveObjects: 0.346200 ms CreateObjectMapping: 0.050600 ms MarkObjects: 2.050600 ms  DeleteObjects: 0.089700 ms)

========================================================================
Received Prepare
Registering precompiled user dll's ...
Registered in 0.001404 seconds.
Begin MonoManager ReloadAssembly
Native extension for WindowsStandalone target not found
Refreshing native plugins compatible for Editor in 0.33 ms, found 0 plugins.
Preloading 0 native plugins for Editor in 0.00 ms.
Invoked RoslynAnalysisRunner static constructor.
RoslynAnalysisRunner will not be running.
RoslynAnalysisRunner has terminated.
Mono: successfully reloaded assembly
- Completed reload, in  1.253 seconds
Platform modules already initialized, skipping
Refreshing native plugins compatible for Editor in 0.29 ms, found 0 plugins.
Preloading 0 native plugins for Editor in 0.00 ms.
Unloading 1158 Unused Serialized files (Serialized files now loaded: 0)
System memory in use before: 63.4 MB.
System memory in use after: 63.5 MB.

Unloading 5 unused Assets to reduce memory usage. Loaded Objects now: 1637.
Total: 2.406100 ms (FindLiveObjects: 0.235000 ms CreateObjectMapping: 0.051200 ms MarkObjects: 2.026500 ms  DeleteObjects: 0.091000 ms)

========================================================================
Received Prepare
Registering precompiled user dll's ...
Registered in 0.001327 seconds.
Begin MonoManager ReloadAssembly
Native extension for WindowsStandalone target not found
Refreshing native plugins compatible for Editor in 0.43 ms, found 0 plugins.
Preloading 0 native plugins for Editor in 0.00 ms.
Invoked RoslynAnalysisRunner static constructor.
RoslynAnalysisRunner will not be running.
RoslynAnalysisRunner has terminated.
Mono: successfully reloaded assembly
- Completed reload, in  1.273 seconds
Platform modules already initialized, skipping
Refreshing native plugins compatible for Editor in 0.32 ms, found 0 plugins.
Preloading 0 native plugins for Editor in 0.00 ms.
Unloading 1158 Unused Serialized files (Serialized files now loaded: 0)
System memory in use before: 63.4 MB.
System memory in use after: 63.5 MB.

Unloading 5 unused Assets to reduce memory usage. Loaded Objects now: 1640.
Total: 2.536400 ms (FindLiveObjects: 0.278400 ms CreateObjectMapping: 0.046300 ms MarkObjects: 2.128400 ms  DeleteObjects: 0.081200 ms)

========================================================================
Received Prepare
Registering precompiled user dll's ...
Registered in 0.001861 seconds.
Begin MonoManager ReloadAssembly
Native extension for WindowsStandalone target not found
Refreshing native plugins compatible for Editor in 0.31 ms, found 0 plugins.
Preloading 0 native plugins for Editor in 0.00 ms.
Invoked RoslynAnalysisRunner static constructor.
RoslynAnalysisRunner will not be running.
RoslynAnalysisRunner has terminated.
Mono: successfully reloaded assembly
- Completed reload, in  1.214 seconds
Platform modules already initialized, skipping
Refreshing native plugins compatible for Editor in 0.29 ms, found 0 plugins.
Preloading 0 native plugins for Editor in 0.00 ms.
Unloading 1158 Unused Serialized files (Serialized files now loaded: 0)
System memory in use before: 63.4 MB.
System memory in use after: 63.5 MB.

Unloading 5 unused Assets to reduce memory usage. Loaded Objects now: 1643.
Total: 2.462500 ms (FindLiveObjects: 0.265900 ms CreateObjectMapping: 0.055800 ms MarkObjects: 2.051200 ms  DeleteObjects: 0.087900 ms)

========================================================================
Received Import Request.
  Time since last request: 151.294194 seconds.
  path: Assets/Prefabs/bgForestDay.prefab
  artifactKey: Guid(c415358e0c072c54b804ca40e0d75b5a) Importer(815301076,1909f56bfc062723c751e8b465ee728b)
Start importing Assets/Prefabs/bgForestDay.prefab using Guid(c415358e0c072c54b804ca40e0d75b5a) Importer(815301076,1909f56bfc062723c751e8b465ee728b)  -> (artifact id: 'c27b6e4043e2a6036206d64f73b8c128') in 0.190961 seconds
  Import took 0.198349 seconds .

========================================================================
Received Prepare
Registering precompiled user dll's ...
Registered in 0.001870 seconds.
Begin MonoManager ReloadAssembly
Native extension for WindowsStandalone target not found
Refreshing native plugins compatible for Editor in 0.30 ms, found 0 plugins.
Preloading 0 native plugins for Editor in 0.00 ms.
Invoked RoslynAnalysisRunner static constructor.
RoslynAnalysisRunner will not be running.
RoslynAnalysisRunner has terminated.
Mono: successfully reloaded assembly
- Completed reload, in  1.328 seconds
Platform modules already initialized, skipping
Refreshing native plugins compatible for Editor in 0.33 ms, found 0 plugins.
Preloading 0 native plugins for Editor in 0.00 ms.
Unloading 1158 Unused Serialized files (Serialized files now loaded: 0)
System memory in use before: 63.5 MB.
System memory in use after: 63.5 MB.

Unloading 5 unused Assets to reduce memory usage. Loaded Objects now: 1647.
Total: 2.988200 ms (FindLiveObjects: 0.248200 ms CreateObjectMapping: 0.042700 ms MarkObjects: 2.616600 ms  DeleteObjects: 0.079100 ms)

========================================================================
Received Prepare
Registering precompiled user dll's ...
Registered in 0.001395 seconds.
Begin MonoManager ReloadAssembly
Native extension for WindowsStandalone target not found
Refreshing native plugins compatible for Editor in 0.34 ms, found 0 plugins.
Preloading 0 native plugins for Editor in 0.00 ms.
Invoked RoslynAnalysisRunner static constructor.
RoslynAnalysisRunner will not be running.
RoslynAnalysisRunner has terminated.
Mono: successfully reloaded assembly
- Completed reload, in  1.186 seconds
Platform modules already initialized, skipping
Refreshing native plugins compatible for Editor in 0.29 ms, found 0 plugins.
Preloading 0 native plugins for Editor in 0.00 ms.
Unloading 1158 Unused Serialized files (Serialized files now loaded: 0)
System memory in use before: 63.5 MB.
System memory in use after: 63.5 MB.

Unloading 5 unused Assets to reduce memory usage. Loaded Objects now: 1650.
Total: 2.161400 ms (FindLiveObjects: 0.185200 ms CreateObjectMapping: 0.029900 ms MarkObjects: 1.864500 ms  DeleteObjects: 0.080200 ms)

========================================================================
Received Import Request.
  Time since last request: 111.035852 seconds.
  path: Assets/Prefabs/bgForestDay.prefab
  artifactKey: Guid(c415358e0c072c54b804ca40e0d75b5a) Importer(815301076,1909f56bfc062723c751e8b465ee728b)
Start importing Assets/Prefabs/bgForestDay.prefab using Guid(c415358e0c072c54b804ca40e0d75b5a) Importer(815301076,1909f56bfc062723c751e8b465ee728b)  -> (artifact id: 'fd6e3e68ef617c7388cee8bd39119278') in 0.179460 seconds
  Import took 0.184805 seconds .

========================================================================
Received Prepare
Registering precompiled user dll's ...
Registered in 0.002196 seconds.
Begin MonoManager ReloadAssembly
Native extension for WindowsStandalone target not found
Refreshing native plugins compatible for Editor in 0.30 ms, found 0 plugins.
Preloading 0 native plugins for Editor in 0.00 ms.
Invoked RoslynAnalysisRunner static constructor.
RoslynAnalysisRunner will not be running.
RoslynAnalysisRunner has terminated.
Mono: successfully reloaded assembly
- Completed reload, in  1.147 seconds
Platform modules already initialized, skipping
Refreshing native plugins compatible for Editor in 0.29 ms, found 0 plugins.
Preloading 0 native plugins for Editor in 0.00 ms.
Unloading 1158 Unused Serialized files (Serialized files now loaded: 0)
System memory in use before: 63.5 MB.
System memory in use after: 63.5 MB.

Unloading 5 unused Assets to reduce memory usage. Loaded Objects now: 1654.
Total: 3.242500 ms (FindLiveObjects: 0.301500 ms CreateObjectMapping: 0.060700 ms MarkObjects: 2.787100 ms  DeleteObjects: 0.090700 ms)

========================================================================
Received Prepare
Registering precompiled user dll's ...
Registered in 0.002281 seconds.
Begin MonoManager ReloadAssembly
Native extension for WindowsStandalone target not found
Refreshing native plugins compatible for Editor in 0.30 ms, found 0 plugins.
Preloading 0 native plugins for Editor in 0.00 ms.
Invoked RoslynAnalysisRunner static constructor.
RoslynAnalysisRunner will not be running.
RoslynAnalysisRunner has terminated.
Mono: successfully reloaded assembly
- Completed reload, in  1.172 seconds
Platform modules already initialized, skipping
Refreshing native plugins compatible for Editor in 0.30 ms, found 0 plugins.
Preloading 0 native plugins for Editor in 0.00 ms.
Unloading 1158 Unused Serialized files (Serialized files now loaded: 0)
System memory in use before: 63.5 MB.
System memory in use after: 63.5 MB.

Unloading 5 unused Assets to reduce memory usage. Loaded Objects now: 1657.
Total: 2.394500 ms (FindLiveObjects: 0.201400 ms CreateObjectMapping: 0.037900 ms MarkObjects: 2.065700 ms  DeleteObjects: 0.088000 ms)

========================================================================
Received Prepare
Registering precompiled user dll's ...
Registered in 0.001674 seconds.
Begin MonoManager ReloadAssembly
Native extension for WindowsStandalone target not found
Refreshing native plugins compatible for Editor in 0.31 ms, found 0 plugins.
Preloading 0 native plugins for Editor in 0.00 ms.
Invoked RoslynAnalysisRunner static constructor.
RoslynAnalysisRunner will not be running.
RoslynAnalysisRunner has terminated.
Mono: successfully reloaded assembly
- Completed reload, in  1.189 seconds
Platform modules already initialized, skipping
Refreshing native plugins compatible for Editor in 0.48 ms, found 0 plugins.
Preloading 0 native plugins for Editor in 0.00 ms.
Unloading 1158 Unused Serialized files (Serialized files now loaded: 0)
System memory in use before: 63.5 MB.
System memory in use after: 63.6 MB.

Unloading 5 unused Assets to reduce memory usage. Loaded Objects now: 1660.
Total: 2.831300 ms (FindLiveObjects: 0.375200 ms CreateObjectMapping: 0.120300 ms MarkObjects: 2.245900 ms  DeleteObjects: 0.087300 ms)

========================================================================
Received Import Request.
  Time since last request: 127.442651 seconds.
  path: Assets/Prefabs/bgForestDay.prefab
  artifactKey: Guid(c415358e0c072c54b804ca40e0d75b5a) Importer(815301076,1909f56bfc062723c751e8b465ee728b)
Start importing Assets/Prefabs/bgForestDay.prefab using Guid(c415358e0c072c54b804ca40e0d75b5a) Importer(815301076,1909f56bfc062723c751e8b465ee728b)  -> (artifact id: 'aee7e37b7ce7f4c3af1f0fca4384c411') in 0.145480 seconds
  Import took 0.150619 seconds .

========================================================================
Received Prepare
Registering precompiled user dll's ...
Registered in 0.002007 seconds.
Begin MonoManager ReloadAssembly
Native extension for WindowsStandalone target not found
Refreshing native plugins compatible for Editor in 0.35 ms, found 0 plugins.
Preloading 0 native plugins for Editor in 0.00 ms.
Invoked RoslynAnalysisRunner static constructor.
RoslynAnalysisRunner will not be running.
RoslynAnalysisRunner has terminated.
Mono: successfully reloaded assembly
- Completed reload, in  1.228 seconds
Platform modules already initialized, skipping
Refreshing native plugins compatible for Editor in 0.31 ms, found 0 plugins.
Preloading 0 native plugins for Editor in 0.00 ms.
Unloading 1158 Unused Serialized files (Serialized files now loaded: 0)
System memory in use before: 63.5 MB.
System memory in use after: 63.6 MB.

Unloading 5 unused Assets to reduce memory usage. Loaded Objects now: 1664.
Total: 2.836200 ms (FindLiveObjects: 0.225100 ms CreateObjectMapping: 0.042900 ms MarkObjects: 2.469100 ms  DeleteObjects: 0.097300 ms)

========================================================================
Received Prepare
Registering precompiled user dll's ...
Registered in 0.001680 seconds.
Begin MonoManager ReloadAssembly
Native extension for WindowsStandalone target not found
Refreshing native plugins compatible for Editor in 0.30 ms, found 0 plugins.
Preloading 0 native plugins for Editor in 0.00 ms.
Invoked RoslynAnalysisRunner static constructor.
RoslynAnalysisRunner will not be running.
RoslynAnalysisRunner has terminated.
Mono: successfully reloaded assembly
- Completed reload, in  1.195 seconds
Platform modules already initialized, skipping
Refreshing native plugins compatible for Editor in 0.30 ms, found 0 plugins.
Preloading 0 native plugins for Editor in 0.00 ms.
Unloading 1158 Unused Serialized files (Serialized files now loaded: 0)
System memory in use before: 63.5 MB.
System memory in use after: 63.6 MB.

Unloading 5 unused Assets to reduce memory usage. Loaded Objects now: 1667.
Total: 2.325500 ms (FindLiveObjects: 0.218100 ms CreateObjectMapping: 0.038900 ms MarkObjects: 1.975000 ms  DeleteObjects: 0.091200 ms)

========================================================================
Received Prepare
Registering precompiled user dll's ...
Registered in 0.001937 seconds.
Begin MonoManager ReloadAssembly
Native extension for WindowsStandalone target not found
Refreshing native plugins compatible for Editor in 0.44 ms, found 0 plugins.
Preloading 0 native plugins for Editor in 0.00 ms.
Invoked RoslynAnalysisRunner static constructor.
RoslynAnalysisRunner will not be running.
RoslynAnalysisRunner has terminated.
Mono: successfully reloaded assembly
- Completed reload, in  1.174 seconds
Platform modules already initialized, skipping
Refreshing native plugins compatible for Editor in 0.30 ms, found 0 plugins.
Preloading 0 native plugins for Editor in 0.00 ms.
Unloading 1158 Unused Serialized files (Serialized files now loaded: 0)
System memory in use before: 63.5 MB.
System memory in use after: 63.6 MB.

Unloading 5 unused Assets to reduce memory usage. Loaded Objects now: 1670.
Total: 3.607500 ms (FindLiveObjects: 0.341400 ms CreateObjectMapping: 0.067300 ms MarkObjects: 3.048400 ms  DeleteObjects: 0.146900 ms)

========================================================================
Received Import Request.
  Time since last request: 404.484334 seconds.
  path: Assets/Prefabs/bgForestDay.prefab
  artifactKey: Guid(c415358e0c072c54b804ca40e0d75b5a) Importer(815301076,1909f56bfc062723c751e8b465ee728b)
Start importing Assets/Prefabs/bgForestDay.prefab using Guid(c415358e0c072c54b804ca40e0d75b5a) Importer(815301076,1909f56bfc062723c751e8b465ee728b)  -> (artifact id: 'cc02014c8dd24d4ad000e27b62ad8a81') in 0.135966 seconds
  Import took 0.140802 seconds .

========================================================================
Received Import Request.
  Time since last request: 68.846674 seconds.
  path: Assets/Prefabs/bgForestSunset.prefab
  artifactKey: Guid(108ca3db8c38abf4cbb27dc9750bf9f4) Importer(815301076,1909f56bfc062723c751e8b465ee728b)
Start importing Assets/Prefabs/bgForestSunset.prefab using Guid(108ca3db8c38abf4cbb27dc9750bf9f4) Importer(815301076,1909f56bfc062723c751e8b465ee728b)  -> (artifact id: '2256b3081e4a438e868c98d3dc80ebc4') in 0.082938 seconds
  Import took 0.088133 seconds .

========================================================================
Received Prepare
Registering precompiled user dll's ...
Registered in 0.002008 seconds.
Begin MonoManager ReloadAssembly
Native extension for WindowsStandalone target not found
Refreshing native plugins compatible for Editor in 0.35 ms, found 0 plugins.
Preloading 0 native plugins for Editor in 0.00 ms.
Invoked RoslynAnalysisRunner static constructor.
RoslynAnalysisRunner will not be running.
RoslynAnalysisRunner has terminated.
Mono: successfully reloaded assembly
- Completed reload, in  1.209 seconds
Platform modules already initialized, skipping
Refreshing native plugins compatible for Editor in 0.30 ms, found 0 plugins.
Preloading 0 native plugins for Editor in 0.00 ms.
Unloading 1158 Unused Serialized files (Serialized files now loaded: 0)
System memory in use before: 63.5 MB.
System memory in use after: 63.6 MB.

Unloading 5 unused Assets to reduce memory usage. Loaded Objects now: 1674.
Total: 2.529500 ms (FindLiveObjects: 0.219100 ms CreateObjectMapping: 0.039300 ms MarkObjects: 2.177300 ms  DeleteObjects: 0.092000 ms)

========================================================================
Received Prepare
Registering precompiled user dll's ...
Registered in 0.001706 seconds.
Begin MonoManager ReloadAssembly
Native extension for WindowsStandalone target not found
Refreshing native plugins compatible for Editor in 0.30 ms, found 0 plugins.
Preloading 0 native plugins for Editor in 0.00 ms.
Invoked RoslynAnalysisRunner static constructor.
RoslynAnalysisRunner will not be running.
RoslynAnalysisRunner has terminated.
Mono: successfully reloaded assembly
- Completed reload, in  1.170 seconds
Platform modules already initialized, skipping
Refreshing native plugins compatible for Editor in 0.29 ms, found 0 plugins.
Preloading 0 native plugins for Editor in 0.00 ms.
Unloading 1158 Unused Serialized files (Serialized files now loaded: 0)
System memory in use before: 63.5 MB.
System memory in use after: 63.6 MB.

Unloading 5 unused Assets to reduce memory usage. Loaded Objects now: 1677.
Total: 2.521600 ms (FindLiveObjects: 0.238000 ms CreateObjectMapping: 0.076100 ms MarkObjects: 2.115600 ms  DeleteObjects: 0.090100 ms)

========================================================================
Received Import Request.
  Time since last request: 65.639680 seconds.
  path: Assets/Prefabs/bgMountainNight.prefab
  artifactKey: Guid(c58b3cc351e74884d9080a4e572fa93d) Importer(815301076,1909f56bfc062723c751e8b465ee728b)
Start importing Assets/Prefabs/bgMountainNight.prefab using Guid(c58b3cc351e74884d9080a4e572fa93d) Importer(815301076,1909f56bfc062723c751e8b465ee728b)  -> (artifact id: 'acccba1e6b6775528075fdeedddea6b7') in 0.163920 seconds
  Import took 0.168692 seconds .

========================================================================
Received Prepare
Registering precompiled user dll's ...
Registered in 0.001351 seconds.
Begin MonoManager ReloadAssembly
Native extension for WindowsStandalone target not found
Refreshing native plugins compatible for Editor in 0.30 ms, found 0 plugins.
Preloading 0 native plugins for Editor in 0.00 ms.
Invoked RoslynAnalysisRunner static constructor.
RoslynAnalysisRunner will not be running.
RoslynAnalysisRunner has terminated.
Mono: successfully reloaded assembly
- Completed reload, in  1.226 seconds
Platform modules already initialized, skipping
Refreshing native plugins compatible for Editor in 0.30 ms, found 0 plugins.
Preloading 0 native plugins for Editor in 0.00 ms.
Unloading 1158 Unused Serialized files (Serialized files now loaded: 0)
System memory in use before: 63.5 MB.
System memory in use after: 63.6 MB.

Unloading 5 unused Assets to reduce memory usage. Loaded Objects now: 1681.
Total: 2.670600 ms (FindLiveObjects: 0.256600 ms CreateObjectMapping: 0.042400 ms MarkObjects: 2.275400 ms  DeleteObjects: 0.092800 ms)

========================================================================
Received Import Request.
  Time since last request: 34.652197 seconds.
  path: Assets/Prefabs/bgForestSunset.prefab
  artifactKey: Guid(108ca3db8c38abf4cbb27dc9750bf9f4) Importer(815301076,1909f56bfc062723c751e8b465ee728b)
Start importing Assets/Prefabs/bgForestSunset.prefab using Guid(108ca3db8c38abf4cbb27dc9750bf9f4) Importer(815301076,1909f56bfc062723c751e8b465ee728b)  -> (artifact id: '973652dc3dfc8e614d99d1f6ac417c35') in 0.136369 seconds
  Import took 0.143161 seconds .

========================================================================
Received Prepare
Registering precompiled user dll's ...
Registered in 0.002567 seconds.
Begin MonoManager ReloadAssembly
Native extension for WindowsStandalone target not found
Refreshing native plugins compatible for Editor in 0.30 ms, found 0 plugins.
Preloading 0 native plugins for Editor in 0.00 ms.
Invoked RoslynAnalysisRunner static constructor.
RoslynAnalysisRunner will not be running.
RoslynAnalysisRunner has terminated.
Mono: successfully reloaded assembly
- Completed reload, in  1.171 seconds
Platform modules already initialized, skipping
Refreshing native plugins compatible for Editor in 0.30 ms, found 0 plugins.
Preloading 0 native plugins for Editor in 0.00 ms.
Unloading 1158 Unused Serialized files (Serialized files now loaded: 0)
System memory in use before: 63.5 MB.
System memory in use after: 63.6 MB.

Unloading 5 unused Assets to reduce memory usage. Loaded Objects now: 1685.
Total: 2.914500 ms (FindLiveObjects: 0.344000 ms CreateObjectMapping: 0.067700 ms MarkObjects: 2.394400 ms  DeleteObjects: 0.106400 ms)

========================================================================
Received Prepare
Registering precompiled user dll's ...
Registered in 0.002150 seconds.
Begin MonoManager ReloadAssembly
Native extension for WindowsStandalone target not found
Refreshing native plugins compatible for Editor in 0.30 ms, found 0 plugins.
Preloading 0 native plugins for Editor in 0.00 ms.
Invoked RoslynAnalysisRunner static constructor.
RoslynAnalysisRunner will not be running.
RoslynAnalysisRunner has terminated.
Mono: successfully reloaded assembly
- Completed reload, in  1.169 seconds
Platform modules already initialized, skipping
Refreshing native plugins compatible for Editor in 0.62 ms, found 0 plugins.
Preloading 0 native plugins for Editor in 0.00 ms.
Unloading 1158 Unused Serialized files (Serialized files now loaded: 0)
System memory in use before: 63.6 MB.
System memory in use after: 63.6 MB.

Unloading 5 unused Assets to reduce memory usage. Loaded Objects now: 1688.
Total: 3.184700 ms (FindLiveObjects: 0.231100 ms CreateObjectMapping: 0.041200 ms MarkObjects: 2.823400 ms  DeleteObjects: 0.087300 ms)

========================================================================
Received Prepare
Registering precompiled user dll's ...
Registered in 0.001519 seconds.
Begin MonoManager ReloadAssembly
Native extension for WindowsStandalone target not found
Refreshing native plugins compatible for Editor in 0.32 ms, found 0 plugins.
Preloading 0 native plugins for Editor in 0.00 ms.
Invoked RoslynAnalysisRunner static constructor.
RoslynAnalysisRunner will not be running.
RoslynAnalysisRunner has terminated.
Mono: successfully reloaded assembly
- Completed reload, in  1.208 seconds
Platform modules already initialized, skipping
Refreshing native plugins compatible for Editor in 0.30 ms, found 0 plugins.
Preloading 0 native plugins for Editor in 0.00 ms.
Unloading 1158 Unused Serialized files (Serialized files now loaded: 0)
System memory in use before: 63.6 MB.
System memory in use after: 63.6 MB.

Unloading 5 unused Assets to reduce memory usage. Loaded Objects now: 1691.
Total: 2.942000 ms (FindLiveObjects: 0.363300 ms CreateObjectMapping: 0.036600 ms MarkObjects: 2.453000 ms  DeleteObjects: 0.086800 ms)

========================================================================
Received Import Request.
  Time since last request: 181.841753 seconds.
  path: Assets/Prefabs/bgForestSunset.prefab
  artifactKey: Guid(108ca3db8c38abf4cbb27dc9750bf9f4) Importer(815301076,1909f56bfc062723c751e8b465ee728b)
Start importing Assets/Prefabs/bgForestSunset.prefab using Guid(108ca3db8c38abf4cbb27dc9750bf9f4) Importer(815301076,1909f56bfc062723c751e8b465ee728b)  -> (artifact id: 'f4bac08551b3a50849ccc0a6961e4024') in 0.149626 seconds
  Import took 0.154165 seconds .

========================================================================
Received Import Request.
  Time since last request: 0.000311 seconds.
  path: Assets/Prefabs/bgMountainSunset.prefab
  artifactKey: Guid(87e51f20274c9904f822909c10ce8348) Importer(815301076,1909f56bfc062723c751e8b465ee728b)
Start importing Assets/Prefabs/bgMountainSunset.prefab using Guid(87e51f20274c9904f822909c10ce8348) Importer(815301076,1909f56bfc062723c751e8b465ee728b)  -> (artifact id: '3a9677f613617a72ba55fbfec8f821cf') in 0.073958 seconds
  Import took 0.076972 seconds .

========================================================================
Received Import Request.
  Time since last request: 44.495384 seconds.
  path: Assets/Third Party/Forest road BG/Forest road Background/PNG/background_layer_5.png
  artifactKey: Guid(062df59bf4b4f1a488047002c6a16a01) Importer(815301076,1909f56bfc062723c751e8b465ee728b)
Start importing Assets/Third Party/Forest road BG/Forest road Background/PNG/background_layer_5.png using Guid(062df59bf4b4f1a488047002c6a16a01) Importer(815301076,1909f56bfc062723c751e8b465ee728b)  -> (artifact id: 'd4ece8de6dfc5cc9347e6eb10e9d6420') in 0.085328 seconds
  Import took 0.089113 seconds .

========================================================================
Received Import Request.
  Time since last request: 0.020518 seconds.
  path: Assets/Third Party/Forest road BG/Forest road Background/PNG/background_layer_5.png
  artifactKey: Guid(062df59bf4b4f1a488047002c6a16a01) Importer(815301076,1909f56bfc062723c751e8b465ee728b)
Start importing Assets/Third Party/Forest road BG/Forest road Background/PNG/background_layer_5.png using Guid(062df59bf4b4f1a488047002c6a16a01) Importer(815301076,1909f56bfc062723c751e8b465ee728b)  -> (artifact id: 'd4ece8de6dfc5cc9347e6eb10e9d6420') in 0.049921 seconds
  Import took 0.052805 seconds .

========================================================================
Received Import Request.
  Time since last request: 4.467589 seconds.
  path: Assets/Third Party/Forest road BG/Forest road Background/PNG/background_layer_6.png
  artifactKey: Guid(a8246741e1a913047851e9faf31afaa7) Importer(815301076,1909f56bfc062723c751e8b465ee728b)
Start importing Assets/Third Party/Forest road BG/Forest road Background/PNG/background_layer_6.png using Guid(a8246741e1a913047851e9faf31afaa7) Importer(815301076,1909f56bfc062723c751e8b465ee728b)  -> (artifact id: '98d632e729428f11bbe378a2e310d37b') in 0.058204 seconds
  Import took 0.061336 seconds .

========================================================================
Received Prepare
Registering precompiled user dll's ...
Registered in 0.002057 seconds.
Begin MonoManager ReloadAssembly
Native extension for WindowsStandalone target not found
Refreshing native plugins compatible for Editor in 0.33 ms, found 0 plugins.
Preloading 0 native plugins for Editor in 0.00 ms.
Invoked RoslynAnalysisRunner static constructor.
RoslynAnalysisRunner will not be running.
RoslynAnalysisRunner has terminated.
Mono: successfully reloaded assembly
- Completed reload, in  1.211 seconds
Platform modules already initialized, skipping
Refreshing native plugins compatible for Editor in 0.30 ms, found 0 plugins.
Preloading 0 native plugins for Editor in 0.00 ms.
Unloading 1158 Unused Serialized files (Serialized files now loaded: 0)
System memory in use before: 63.6 MB.
System memory in use after: 63.6 MB.

Unloading 5 unused Assets to reduce memory usage. Loaded Objects now: 1695.
Total: 2.393000 ms (FindLiveObjects: 0.225700 ms CreateObjectMapping: 0.038600 ms MarkObjects: 2.034900 ms  DeleteObjects: 0.091900 ms)

========================================================================
Received Prepare
Registering precompiled user dll's ...
Registered in 0.005712 seconds.
Begin MonoManager ReloadAssembly
Native extension for WindowsStandalone target not found
Refreshing native plugins compatible for Editor in 0.32 ms, found 0 plugins.
Preloading 0 native plugins for Editor in 0.00 ms.
Invoked RoslynAnalysisRunner static constructor.
RoslynAnalysisRunner will not be running.
RoslynAnalysisRunner has terminated.
Mono: successfully reloaded assembly
- Completed reload, in  1.191 seconds
Platform modules already initialized, skipping
Refreshing native plugins compatible for Editor in 0.32 ms, found 0 plugins.
Preloading 0 native plugins for Editor in 0.00 ms.
Unloading 1158 Unused Serialized files (Serialized files now loaded: 0)
System memory in use before: 63.6 MB.
System memory in use after: 63.7 MB.

Unloading 5 unused Assets to reduce memory usage. Loaded Objects now: 1698.
Total: 2.337300 ms (FindLiveObjects: 0.230100 ms CreateObjectMapping: 0.039800 ms MarkObjects: 1.972200 ms  DeleteObjects: 0.090400 ms)

========================================================================
Received Import Request.
  Time since last request: 97.576307 seconds.
  path: Assets/Prefabs/bgForestSunset.prefab
  artifactKey: Guid(108ca3db8c38abf4cbb27dc9750bf9f4) Importer(815301076,1909f56bfc062723c751e8b465ee728b)
Start importing Assets/Prefabs/bgForestSunset.prefab using Guid(108ca3db8c38abf4cbb27dc9750bf9f4) Importer(815301076,1909f56bfc062723c751e8b465ee728b)  -> (artifact id: 'cd8423325b750d6d461aedcc71cfd106') in 0.132384 seconds
  Import took 0.146219 seconds .

========================================================================
Received Prepare
Registering precompiled user dll's ...
Registered in 0.001339 seconds.
Begin MonoManager ReloadAssembly
Native extension for WindowsStandalone target not found
Refreshing native plugins compatible for Editor in 0.37 ms, found 0 plugins.
Preloading 0 native plugins for Editor in 0.00 ms.
Invoked RoslynAnalysisRunner static constructor.
RoslynAnalysisRunner will not be running.
RoslynAnalysisRunner has terminated.
Mono: successfully reloaded assembly
- Completed reload, in  1.232 seconds
Platform modules already initialized, skipping
Refreshing native plugins compatible for Editor in 0.31 ms, found 0 plugins.
Preloading 0 native plugins for Editor in 0.00 ms.
Unloading 1158 Unused Serialized files (Serialized files now loaded: 0)
System memory in use before: 63.6 MB.
System memory in use after: 63.7 MB.

Unloading 5 unused Assets to reduce memory usage. Loaded Objects now: 1702.
Total: 3.317400 ms (FindLiveObjects: 0.346700 ms CreateObjectMapping: 0.116800 ms MarkObjects: 2.745000 ms  DeleteObjects: 0.106600 ms)

========================================================================
Received Prepare
Registering precompiled user dll's ...
Registered in 0.001600 seconds.
Begin MonoManager ReloadAssembly
Native extension for WindowsStandalone target not found
Refreshing native plugins compatible for Editor in 0.35 ms, found 0 plugins.
Preloading 0 native plugins for Editor in 0.00 ms.
Invoked RoslynAnalysisRunner static constructor.
RoslynAnalysisRunner will not be running.
RoslynAnalysisRunner has terminated.
Mono: successfully reloaded assembly
- Completed reload, in  1.158 seconds
Platform modules already initialized, skipping
Refreshing native plugins compatible for Editor in 0.30 ms, found 0 plugins.
Preloading 0 native plugins for Editor in 0.00 ms.
Unloading 1158 Unused Serialized files (Serialized files now loaded: 0)
System memory in use before: 63.6 MB.
System memory in use after: 63.7 MB.

Unloading 5 unused Assets to reduce memory usage. Loaded Objects now: 1705.
Total: 3.390100 ms (FindLiveObjects: 0.639000 ms CreateObjectMapping: 0.152700 ms MarkObjects: 2.505700 ms  DeleteObjects: 0.090500 ms)

========================================================================
Received Import Request.
  Time since last request: 146.339587 seconds.
  path: Assets/Third Party/Forest road BG/Forest road Background/PNG/background_layer_24.png
  artifactKey: Guid(3e02c156567407149948c2031b7db6d7) Importer(815301076,1909f56bfc062723c751e8b465ee728b)
Start importing Assets/Third Party/Forest road BG/Forest road Background/PNG/background_layer_24.png using Guid(3e02c156567407149948c2031b7db6d7) Importer(815301076,1909f56bfc062723c751e8b465ee728b)  -> (artifact id: '06d7d5cd397511eaeda88c02e5e1d27c') in 0.115985 seconds
  Import took 0.120229 seconds .

========================================================================
Received Import Request.
  Time since last request: 17.241391 seconds.
  path: Assets/Third Party/Forest road BG/Forest road Background/PNG/background_layer_23.png
  artifactKey: Guid(1e273e9fde20ba340b40345b0e0268fa) Importer(815301076,1909f56bfc062723c751e8b465ee728b)
Start importing Assets/Third Party/Forest road BG/Forest road Background/PNG/background_layer_23.png using Guid(1e273e9fde20ba340b40345b0e0268fa) Importer(815301076,1909f56bfc062723c751e8b465ee728b)  -> (artifact id: 'cacc26195203fca53ef7f89d3b052321') in 0.060239 seconds
  Import took 0.063523 seconds .

========================================================================
Received Import Request.
  Time since last request: 13.246835 seconds.
  path: Assets/Third Party/Forest road BG/Forest road Background/PNG/background_layer_22.png
  artifactKey: Guid(a11a056a105563c4abe7d418348085ed) Importer(815301076,1909f56bfc062723c751e8b465ee728b)
Start importing Assets/Third Party/Forest road BG/Forest road Background/PNG/background_layer_22.png using Guid(a11a056a105563c4abe7d418348085ed) Importer(815301076,1909f56bfc062723c751e8b465ee728b)  -> (artifact id: 'c40149c45bdb60c68dca1779c62abfbb') in 0.061744 seconds
  Import took 0.064876 seconds .

========================================================================
Received Import Request.
  Time since last request: 0.697111 seconds.
  path: Assets/Third Party/Forest road BG/Forest road Background/PNG/background_layer_21.png
  artifactKey: Guid(136e188a26ea204448024784063cd079) Importer(815301076,1909f56bfc062723c751e8b465ee728b)
Start importing Assets/Third Party/Forest road BG/Forest road Background/PNG/background_layer_21.png using Guid(136e188a26ea204448024784063cd079) Importer(815301076,1909f56bfc062723c751e8b465ee728b)  -> (artifact id: '61766f4444ffd1a45109f1827c968404') in 0.057491 seconds
  Import took 0.062400 seconds .

========================================================================
Received Import Request.
  Time since last request: 1.423876 seconds.
  path: Assets/Third Party/Forest road BG/Forest road Background/PNG/background_layer_20.png
  artifactKey: Guid(2ad616bc30603604aa8419ae773ddf40) Importer(815301076,1909f56bfc062723c751e8b465ee728b)
Start importing Assets/Third Party/Forest road BG/Forest road Background/PNG/background_layer_20.png using Guid(2ad616bc30603604aa8419ae773ddf40) Importer(815301076,1909f56bfc062723c751e8b465ee728b)  -> (artifact id: '6170d3a05f2b076745f83d2ed4f863c3') in 0.054828 seconds
  Import took 0.057738 seconds .

========================================================================
Received Import Request.
  Time since last request: 19.336810 seconds.
  path: Assets/Third Party/Forest road BG/Forest road Background/PNG/background_layer_12.png
  artifactKey: Guid(727df78b05622864a8dabbe258650774) Importer(815301076,1909f56bfc062723c751e8b465ee728b)
Start importing Assets/Third Party/Forest road BG/Forest road Background/PNG/background_layer_12.png using Guid(727df78b05622864a8dabbe258650774) Importer(815301076,1909f56bfc062723c751e8b465ee728b)  -> (artifact id: '55fcc14ace4634fff9acf7b4d6c30c89') in 0.084889 seconds
  Import took 0.088725 seconds .

========================================================================
Received Import Request.
  Time since last request: 13.568624 seconds.
  path: Assets/Third Party/Forest road BG/Forest road Background/PNG/background_layer_7.png
  artifactKey: Guid(d6e28535707065a45b0d3ede9c5694f9) Importer(815301076,1909f56bfc062723c751e8b465ee728b)
Start importing Assets/Third Party/Forest road BG/Forest road Background/PNG/background_layer_7.png using Guid(d6e28535707065a45b0d3ede9c5694f9) Importer(815301076,1909f56bfc062723c751e8b465ee728b)  -> (artifact id: '7449fd1930a612fdb6ba71b431ae8145') in 0.057129 seconds
  Import took 0.061221 seconds .

========================================================================
Received Import Request.
  Time since last request: 181.245378 seconds.
  path: Assets/Prefabs/bgMountainNight 1.prefab
  artifactKey: Guid(239a70edba0218c4fa522b5b82069ab0) Importer(815301076,1909f56bfc062723c751e8b465ee728b)
Start importing Assets/Prefabs/bgMountainNight 1.prefab using Guid(239a70edba0218c4fa522b5b82069ab0) Importer(815301076,1909f56bfc062723c751e8b465ee728b)  -> (artifact id: '4ec92668c48e0f64fe1b4e762cf74f35') in 0.141462 seconds
  Import took 0.146715 seconds .

========================================================================
Received Import Request.
  Time since last request: 28.250135 seconds.
  path: Assets/Prefabs/bgForestNight.prefab
  artifactKey: Guid(239a70edba0218c4fa522b5b82069ab0) Importer(815301076,1909f56bfc062723c751e8b465ee728b)
Start importing Assets/Prefabs/bgForestNight.prefab using Guid(239a70edba0218c4fa522b5b82069ab0) Importer(815301076,1909f56bfc062723c751e8b465ee728b)  -> (artifact id: '3a471fc98ad86af9d785865fe609bd2c') in 0.083712 seconds
  Import took 0.088577 seconds .

========================================================================
Received Prepare
Registering precompiled user dll's ...
Registered in 0.002088 seconds.
Begin MonoManager ReloadAssembly
Native extension for WindowsStandalone target not found
Refreshing native plugins compatible for Editor in 0.33 ms, found 0 plugins.
Preloading 0 native plugins for Editor in 0.00 ms.
Invoked RoslynAnalysisRunner static constructor.
RoslynAnalysisRunner will not be running.
RoslynAnalysisRunner has terminated.
Mono: successfully reloaded assembly
- Completed reload, in  1.483 seconds
Platform modules already initialized, skipping
Refreshing native plugins compatible for Editor in 0.46 ms, found 0 plugins.
Preloading 0 native plugins for Editor in 0.00 ms.
Unloading 1158 Unused Serialized files (Serialized files now loaded: 0)
System memory in use before: 63.6 MB.
System memory in use after: 63.7 MB.

Unloading 5 unused Assets to reduce memory usage. Loaded Objects now: 1709.
Total: 3.033600 ms (FindLiveObjects: 0.312800 ms CreateObjectMapping: 0.058500 ms MarkObjects: 2.551300 ms  DeleteObjects: 0.109200 ms)

========================================================================
Received Prepare
Registering precompiled user dll's ...
Registered in 0.001348 seconds.
Begin MonoManager ReloadAssembly
Native extension for WindowsStandalone target not found
Refreshing native plugins compatible for Editor in 0.55 ms, found 0 plugins.
Preloading 0 native plugins for Editor in 0.00 ms.
Invoked RoslynAnalysisRunner static constructor.
RoslynAnalysisRunner will not be running.
RoslynAnalysisRunner has terminated.
Mono: successfully reloaded assembly
- Completed reload, in  1.201 seconds
Platform modules already initialized, skipping
Refreshing native plugins compatible for Editor in 0.30 ms, found 0 plugins.
Preloading 0 native plugins for Editor in 0.00 ms.
Unloading 1158 Unused Serialized files (Serialized files now loaded: 0)
System memory in use before: 63.6 MB.
System memory in use after: 63.7 MB.

Unloading 5 unused Assets to reduce memory usage. Loaded Objects now: 1712.
Total: 3.009900 ms (FindLiveObjects: 0.274000 ms CreateObjectMapping: 0.032700 ms MarkObjects: 2.596700 ms  DeleteObjects: 0.104300 ms)

========================================================================
Received Prepare
Registering precompiled user dll's ...
Registered in 0.001343 seconds.
Begin MonoManager ReloadAssembly
Native extension for WindowsStandalone target not found
Refreshing native plugins compatible for Editor in 0.30 ms, found 0 plugins.
Preloading 0 native plugins for Editor in 0.00 ms.
Invoked RoslynAnalysisRunner static constructor.
RoslynAnalysisRunner will not be running.
RoslynAnalysisRunner has terminated.
Mono: successfully reloaded assembly
- Completed reload, in  1.217 seconds
Platform modules already initialized, skipping
Refreshing native plugins compatible for Editor in 0.38 ms, found 0 plugins.
Preloading 0 native plugins for Editor in 0.00 ms.
Unloading 1158 Unused Serialized files (Serialized files now loaded: 0)
System memory in use before: 63.6 MB.
System memory in use after: 63.7 MB.

Unloading 5 unused Assets to reduce memory usage. Loaded Objects now: 1715.
Total: 3.032000 ms (FindLiveObjects: 0.229700 ms CreateObjectMapping: 0.045100 ms MarkObjects: 2.653000 ms  DeleteObjects: 0.101700 ms)

========================================================================
Received Prepare
Registering precompiled user dll's ...
Registered in 0.001527 seconds.
Begin MonoManager ReloadAssembly
Native extension for WindowsStandalone target not found
Refreshing native plugins compatible for Editor in 0.42 ms, found 0 plugins.
Preloading 0 native plugins for Editor in 0.00 ms.
Invoked RoslynAnalysisRunner static constructor.
RoslynAnalysisRunner will not be running.
RoslynAnalysisRunner has terminated.
Mono: successfully reloaded assembly
- Completed reload, in  1.440 seconds
Platform modules already initialized, skipping
Refreshing native plugins compatible for Editor in 0.30 ms, found 0 plugins.
Preloading 0 native plugins for Editor in 0.00 ms.
Unloading 1158 Unused Serialized files (Serialized files now loaded: 0)
System memory in use before: 63.6 MB.
System memory in use after: 63.7 MB.

Unloading 5 unused Assets to reduce memory usage. Loaded Objects now: 1718.
Total: 3.533900 ms (FindLiveObjects: 0.630600 ms CreateObjectMapping: 0.170800 ms MarkObjects: 2.629600 ms  DeleteObjects: 0.100200 ms)

========================================================================
Received Prepare
Registering precompiled user dll's ...
Registered in 0.001261 seconds.
Begin MonoManager ReloadAssembly
Native extension for WindowsStandalone target not found
Refreshing native plugins compatible for Editor in 0.31 ms, found 0 plugins.
Preloading 0 native plugins for Editor in 0.00 ms.
Invoked RoslynAnalysisRunner static constructor.
RoslynAnalysisRunner will not be running.
RoslynAnalysisRunner has terminated.
Mono: successfully reloaded assembly
- Completed reload, in  1.263 seconds
Platform modules already initialized, skipping
Refreshing native plugins compatible for Editor in 0.30 ms, found 0 plugins.
Preloading 0 native plugins for Editor in 0.00 ms.
Unloading 1158 Unused Serialized files (Serialized files now loaded: 0)
System memory in use before: 63.6 MB.
System memory in use after: 63.7 MB.

Unloading 5 unused Assets to reduce memory usage. Loaded Objects now: 1721.
Total: 2.627400 ms (FindLiveObjects: 0.288400 ms CreateObjectMapping: 0.049700 ms MarkObjects: 2.195400 ms  DeleteObjects: 0.092200 ms)

========================================================================
Received Prepare
Registering precompiled user dll's ...
Registered in 0.001861 seconds.
Begin MonoManager ReloadAssembly
Native extension for WindowsStandalone target not found
Refreshing native plugins compatible for Editor in 0.31 ms, found 0 plugins.
Preloading 0 native plugins for Editor in 0.00 ms.
Invoked RoslynAnalysisRunner static constructor.
RoslynAnalysisRunner will not be running.
RoslynAnalysisRunner has terminated.
Mono: successfully reloaded assembly
- Completed reload, in  1.224 seconds
Platform modules already initialized, skipping
Refreshing native plugins compatible for Editor in 0.30 ms, found 0 plugins.
Preloading 0 native plugins for Editor in 0.00 ms.
Unloading 1158 Unused Serialized files (Serialized files now loaded: 0)
System memory in use before: 63.6 MB.
System memory in use after: 63.7 MB.

Unloading 5 unused Assets to reduce memory usage. Loaded Objects now: 1724.
Total: 2.304000 ms (FindLiveObjects: 0.265600 ms CreateObjectMapping: 0.043900 ms MarkObjects: 1.905000 ms  DeleteObjects: 0.087400 ms)

========================================================================
Received Prepare
Registering precompiled user dll's ...
Registered in 0.001793 seconds.
Begin MonoManager ReloadAssembly
Native extension for WindowsStandalone target not found
Refreshing native plugins compatible for Editor in 0.30 ms, found 0 plugins.
Preloading 0 native plugins for Editor in 0.00 ms.
Invoked RoslynAnalysisRunner static constructor.
RoslynAnalysisRunner will not be running.
RoslynAnalysisRunner has terminated.
Mono: successfully reloaded assembly
- Completed reload, in  1.192 seconds
Platform modules already initialized, skipping
Refreshing native plugins compatible for Editor in 0.29 ms, found 0 plugins.
Preloading 0 native plugins for Editor in 0.00 ms.
Unloading 1158 Unused Serialized files (Serialized files now loaded: 0)
System memory in use before: 63.6 MB.
System memory in use after: 63.7 MB.

Unloading 5 unused Assets to reduce memory usage. Loaded Objects now: 1727.
Total: 3.801900 ms (FindLiveObjects: 0.405800 ms CreateObjectMapping: 0.114300 ms MarkObjects: 3.183600 ms  DeleteObjects: 0.095800 ms)

========================================================================
Received Import Request.
  Time since last request: 593.909817 seconds.
  path: Assets/Scenes/Prototype.unity
  artifactKey: Guid(9fc0d4010bbf28b4594072e72b8655ab) Importer(815301076,1909f56bfc062723c751e8b465ee728b)
Start importing Assets/Scenes/Prototype.unity using Guid(9fc0d4010bbf28b4594072e72b8655ab) Importer(815301076,1909f56bfc062723c751e8b465ee728b)  -> (artifact id: 'cccfa8110904c691cfcd18fdec491e42') in 0.050439 seconds
  Import took 0.053800 seconds .

========================================================================
Received Prepare
Registering precompiled user dll's ...
Registered in 0.001688 seconds.
Begin MonoManager ReloadAssembly
Native extension for WindowsStandalone target not found
Refreshing native plugins compatible for Editor in 0.35 ms, found 0 plugins.
Preloading 0 native plugins for Editor in 0.00 ms.
Invoked RoslynAnalysisRunner static constructor.
RoslynAnalysisRunner will not be running.
RoslynAnalysisRunner has terminated.
Mono: successfully reloaded assembly
- Completed reload, in  1.191 seconds
Platform modules already initialized, skipping
Refreshing native plugins compatible for Editor in 0.31 ms, found 0 plugins.
Preloading 0 native plugins for Editor in 0.00 ms.
Unloading 1158 Unused Serialized files (Serialized files now loaded: 0)
System memory in use before: 63.7 MB.
System memory in use after: 63.7 MB.

Unloading 5 unused Assets to reduce memory usage. Loaded Objects now: 1730.
Total: 2.462800 ms (FindLiveObjects: 0.241100 ms CreateObjectMapping: 0.039300 ms MarkObjects: 2.086400 ms  DeleteObjects: 0.094300 ms)

========================================================================
Received Prepare
Registering precompiled user dll's ...
Registered in 0.002227 seconds.
Begin MonoManager ReloadAssembly
Native extension for WindowsStandalone target not found
Refreshing native plugins compatible for Editor in 0.34 ms, found 0 plugins.
Preloading 0 native plugins for Editor in 0.00 ms.
Invoked RoslynAnalysisRunner static constructor.
RoslynAnalysisRunner will not be running.
RoslynAnalysisRunner has terminated.
Mono: successfully reloaded assembly
- Completed reload, in  1.282 seconds
Platform modules already initialized, skipping
Refreshing native plugins compatible for Editor in 0.33 ms, found 0 plugins.
Preloading 0 native plugins for Editor in 0.00 ms.
Unloading 1158 Unused Serialized files (Serialized files now loaded: 0)
System memory in use before: 63.7 MB.
System memory in use after: 63.7 MB.

Unloading 5 unused Assets to reduce memory usage. Loaded Objects now: 1733.
Total: 3.942000 ms (FindLiveObjects: 0.331800 ms CreateObjectMapping: 0.075600 ms MarkObjects: 3.419900 ms  DeleteObjects: 0.112600 ms)

========================================================================
Received Import Request.
  Time since last request: 210.709637 seconds.
  path: Assets/Scenes/MainMenu.unity
  artifactKey: Guid(601f1965eb55d504a8dd2475450e0115) Importer(815301076,1909f56bfc062723c751e8b465ee728b)
Start importing Assets/Scenes/MainMenu.unity using Guid(601f1965eb55d504a8dd2475450e0115) Importer(815301076,1909f56bfc062723c751e8b465ee728b)  -> (artifact id: '97f39f39ec04183b0c1256ed85d329d5') in 0.056546 seconds
  Import took 0.059343 seconds .

========================================================================
Received Prepare
Registering precompiled user dll's ...
Registered in 0.001712 seconds.
Begin MonoManager ReloadAssembly
Native extension for WindowsStandalone target not found
Refreshing native plugins compatible for Editor in 0.31 ms, found 0 plugins.
Preloading 0 native plugins for Editor in 0.00 ms.
Invoked RoslynAnalysisRunner static constructor.
RoslynAnalysisRunner will not be running.
RoslynAnalysisRunner has terminated.
Mono: successfully reloaded assembly
- Completed reload, in  1.207 seconds
Platform modules already initialized, skipping
Refreshing native plugins compatible for Editor in 0.35 ms, found 0 plugins.
Preloading 0 native plugins for Editor in 0.00 ms.
Unloading 1158 Unused Serialized files (Serialized files now loaded: 0)
System memory in use before: 63.7 MB.
System memory in use after: 63.8 MB.

Unloading 5 unused Assets to reduce memory usage. Loaded Objects now: 1736.
Total: 2.608000 ms (FindLiveObjects: 0.299800 ms CreateObjectMapping: 0.038800 ms MarkObjects: 2.155600 ms  DeleteObjects: 0.110900 ms)

========================================================================
Received Prepare
Registering precompiled user dll's ...
Registered in 0.001759 seconds.
Begin MonoManager ReloadAssembly
Native extension for WindowsStandalone target not found
Refreshing native plugins compatible for Editor in 0.45 ms, found 0 plugins.
Preloading 0 native plugins for Editor in 0.00 ms.
Invoked RoslynAnalysisRunner static constructor.
RoslynAnalysisRunner will not be running.
RoslynAnalysisRunner has terminated.
Mono: successfully reloaded assembly
- Completed reload, in  1.233 seconds
Platform modules already initialized, skipping
Refreshing native plugins compatible for Editor in 0.33 ms, found 0 plugins.
Preloading 0 native plugins for Editor in 0.00 ms.
Unloading 1158 Unused Serialized files (Serialized files now loaded: 0)
System memory in use before: 63.7 MB.
System memory in use after: 63.8 MB.

Unloading 5 unused Assets to reduce memory usage. Loaded Objects now: 1739.
Total: 2.469700 ms (FindLiveObjects: 0.231700 ms CreateObjectMapping: 0.040700 ms MarkObjects: 2.102900 ms  DeleteObjects: 0.092400 ms)

========================================================================
Received Prepare
Registering precompiled user dll's ...
Registered in 0.002027 seconds.
Begin MonoManager ReloadAssembly
Native extension for WindowsStandalone target not found
Refreshing native plugins compatible for Editor in 0.31 ms, found 0 plugins.
Preloading 0 native plugins for Editor in 0.00 ms.
Invoked RoslynAnalysisRunner static constructor.
RoslynAnalysisRunner will not be running.
RoslynAnalysisRunner has terminated.
Mono: successfully reloaded assembly
- Completed reload, in  1.279 seconds
Platform modules already initialized, skipping
Refreshing native plugins compatible for Editor in 0.61 ms, found 0 plugins.
Preloading 0 native plugins for Editor in 0.00 ms.
Unloading 1158 Unused Serialized files (Serialized files now loaded: 0)
System memory in use before: 63.7 MB.
System memory in use after: 63.8 MB.

Unloading 5 unused Assets to reduce memory usage. Loaded Objects now: 1742.
Total: 2.282100 ms (FindLiveObjects: 0.205300 ms CreateObjectMapping: 0.034200 ms MarkObjects: 1.954800 ms  DeleteObjects: 0.086400 ms)

========================================================================
Received Prepare
Registering precompiled user dll's ...
Registered in 0.002363 seconds.
Begin MonoManager ReloadAssembly
Native extension for WindowsStandalone target not found
Refreshing native plugins compatible for Editor in 0.31 ms, found 0 plugins.
Preloading 0 native plugins for Editor in 0.00 ms.
Invoked RoslynAnalysisRunner static constructor.
RoslynAnalysisRunner will not be running.
RoslynAnalysisRunner has terminated.
Mono: successfully reloaded assembly
- Completed reload, in  1.232 seconds
Platform modules already initialized, skipping
Refreshing native plugins compatible for Editor in 0.30 ms, found 0 plugins.
Preloading 0 native plugins for Editor in 0.00 ms.
Unloading 1158 Unused Serialized files (Serialized files now loaded: 0)
System memory in use before: 63.7 MB.
System memory in use after: 63.8 MB.

Unloading 5 unused Assets to reduce memory usage. Loaded Objects now: 1745.
Total: 2.686900 ms (FindLiveObjects: 0.345400 ms CreateObjectMapping: 0.084600 ms MarkObjects: 2.167000 ms  DeleteObjects: 0.088300 ms)

========================================================================
Received Prepare
Registering precompiled user dll's ...
Registered in 0.002504 seconds.
Begin MonoManager ReloadAssembly
Native extension for WindowsStandalone target not found
Refreshing native plugins compatible for Editor in 0.53 ms, found 0 plugins.
Preloading 0 native plugins for Editor in 0.00 ms.
Invoked RoslynAnalysisRunner static constructor.
RoslynAnalysisRunner will not be running.
RoslynAnalysisRunner has terminated.
Mono: successfully reloaded assembly
- Completed reload, in  1.201 seconds
Platform modules already initialized, skipping
Refreshing native plugins compatible for Editor in 0.44 ms, found 0 plugins.
Preloading 0 native plugins for Editor in 0.00 ms.
Unloading 1158 Unused Serialized files (Serialized files now loaded: 0)
System memory in use before: 63.7 MB.
System memory in use after: 63.8 MB.

Unloading 5 unused Assets to reduce memory usage. Loaded Objects now: 1748.
Total: 3.105500 ms (FindLiveObjects: 0.550900 ms CreateObjectMapping: 0.056800 ms MarkObjects: 2.399900 ms  DeleteObjects: 0.095100 ms)

========================================================================
Received Prepare
Registering precompiled user dll's ...
Registered in 0.001373 seconds.
Begin MonoManager ReloadAssembly
Native extension for WindowsStandalone target not found
Refreshing native plugins compatible for Editor in 0.30 ms, found 0 plugins.
Preloading 0 native plugins for Editor in 0.00 ms.
Invoked RoslynAnalysisRunner static constructor.
RoslynAnalysisRunner will not be running.
RoslynAnalysisRunner has terminated.
Mono: successfully reloaded assembly
- Completed reload, in  1.200 seconds
Platform modules already initialized, skipping
Refreshing native plugins compatible for Editor in 0.29 ms, found 0 plugins.
Preloading 0 native plugins for Editor in 0.00 ms.
Unloading 1158 Unused Serialized files (Serialized files now loaded: 0)
System memory in use before: 63.7 MB.
System memory in use after: 63.8 MB.

Unloading 5 unused Assets to reduce memory usage. Loaded Objects now: 1751.
Total: 2.904000 ms (FindLiveObjects: 0.271200 ms CreateObjectMapping: 0.061300 ms MarkObjects: 2.452100 ms  DeleteObjects: 0.117000 ms)

========================================================================
Received Import Request.
  Time since last request: 794.903590 seconds.
  path: Assets/Blender/Donut.prefab
  artifactKey: Guid(79dc2e914adc2714fa56caf010dfe8b6) Importer(815301076,1909f56bfc062723c751e8b465ee728b)
Start importing Assets/Blender/Donut.prefab using Guid(79dc2e914adc2714fa56caf010dfe8b6) Importer(815301076,1909f56bfc062723c751e8b465ee728b)  -> (artifact id: '33a2686c1df48246f8fd37f3e74bb1fd') in 0.125305 seconds
  Import took 0.137848 seconds .

========================================================================
Received Import Request.
  Time since last request: 2.563030 seconds.
  path: Assets/Blender
  artifactKey: Guid(84c37656dd1cc4d43930cdb3769502be) Importer(815301076,1909f56bfc062723c751e8b465ee728b)
Start importing Assets/Blender using Guid(84c37656dd1cc4d43930cdb3769502be) Importer(815301076,1909f56bfc062723c751e8b465ee728b)  -> (artifact id: 'f22ece28021a84820ba91de580b5e923') in 0.048575 seconds
  Import took 0.051919 seconds .

AssetImportWorkerClient::OnTransportError - code=2 error=End of file
